Added Component: Designator=*(XOSC)
Added Component: Designator=C1(C0805)
Added Component: Designator=C2(C_TANT_D)
Added Component: Designator=C3(C0603)
Added Component: Designator=C4(C0603)
Added Component: Designator=C5(C0603)
Added Component: Designator=C6(C0805)
Added Component: Designator=C7(C0603)
Added Component: Designator=C8(C0805)
Added Component: Designator=C9(C0805)
Added Component: Designator=C10(C_TANT_D)
Added Component: Designator=C11(C0805)
Added Component: Designator=C12(C0603)
Added Component: Designator=C13(C0603)
Added Component: Designator=C14(C0805)
Added Component: Designator=C15(C0603)
Added Component: Designator=C16(C0603)
Added Component: Designator=C17(C0603)
Added Component: Designator=C18(C0805)
Added Component: Designator=C19(C0603)
Added Component: Designator=C20(C0603)
Added Component: Designator=C21(C0603)
Added Component: Designator=C22(C0603)
Added Component: Designator=D1(D0805)
Added Component: Designator=J1(IDC-2x05)
Added Component: Designator=J3(DG130-5.0)
Added Component: Designator=J4(DG130-5.0)
Added Component: Designator=JP1(PIN_HEADER_1x03)
Added Component: Designator=JP2(PIN_HEADER_1x03)
Added Component: Designator=L1(L0603)
Added Component: Designator=L2(L0603)
Added Component: Designator=R0(R0603)
Added Component: Designator=R1(R0603)
Added Component: Designator=R3(R0603)
Added Component: Designator=R4(R0603)
Added Component: Designator=SMA1(SMA)
Added Component: Designator=SMA3(SMA)
Added Component: Designator=SMA4(SMA)
Added Component: Designator=SMA5(SMA)
Added Component: Designator=U1(QFN50P400X500X80_HS-29N)
Add component (AddParameter): Name = "ComponentLink1Description"; Value = "LTC6946"; VariantName = "[No Variations]"
Add component (AddParameter): Name = "ComponentLink1URL"; Value = "https://www.digikey.com/en/products/detail/analog-devices-inc/LTC6946IUFD-1-PBF/2756832"; VariantName = "[No Variations]"
Added Component: Designator=Y1(XOSC)
Added Pin To Net: NetName=3.3V Pin=C1-2
Added Pin To Net: NetName=3.3V Pin=C2-1
Added Pin To Net: NetName=3.3V Pin=C7-1
Added Pin To Net: NetName=3.3V Pin=C13-2
Added Pin To Net: NetName=3.3V Pin=C17-2
Added Pin To Net: NetName=3.3V Pin=C19-2
Added Pin To Net: NetName=3.3V Pin=C22-1
Added Pin To Net: NetName=3.3V Pin=J3-1
Added Pin To Net: NetName=3.3V Pin=JP2-1
Added Pin To Net: NetName=3.3V Pin=L1-1
Added Pin To Net: NetName=3.3V Pin=L2-2
Added Pin To Net: NetName=3.3V Pin=U1-1
Added Pin To Net: NetName=3.3V Pin=U1-8
Added Pin To Net: NetName=3.3V Pin=U1-13
Added Pin To Net: NetName=3.3V Pin=U1-26
Added Net: Name=3.3V
Added Pin To Net: NetName=5V Pin=C9-1
Added Pin To Net: NetName=5V Pin=C10-1
Added Pin To Net: NetName=5V Pin=C15-1
Added Pin To Net: NetName=5V Pin=J4-1
Added Pin To Net: NetName=5V Pin=R4-2
Added Pin To Net: NetName=5V Pin=U1-22
Added Net: Name=5V
Added Pin To Net: NetName=CP Pin=C3-2
Added Pin To Net: NetName=CP Pin=J1-6
Added Pin To Net: NetName=CP Pin=R0-2
Added Pin To Net: NetName=CP Pin=U1-15
Added Pin To Net: NetName=CP Pin=U1-25
Added Net: Name=CP
Added Pin To Net: NetName=CS' Pin=J1-2
Added Pin To Net: NetName=CS' Pin=U1-4
Added Net: Name=CS'
Added Pin To Net: NetName=GND Pin=C1-1
Added Pin To Net: NetName=GND Pin=C2-2
Added Pin To Net: NetName=GND Pin=C3-1
Added Pin To Net: NetName=GND Pin=C4-2
Added Pin To Net: NetName=GND Pin=C5-2
Added Pin To Net: NetName=GND Pin=C7-2
Added Pin To Net: NetName=GND Pin=C8-1
Added Pin To Net: NetName=GND Pin=C9-2
Added Pin To Net: NetName=GND Pin=C10-2
Added Pin To Net: NetName=GND Pin=C11-1
Added Pin To Net: NetName=GND Pin=C12-2
Added Pin To Net: NetName=GND Pin=C13-1
Added Pin To Net: NetName=GND Pin=C15-2
Added Pin To Net: NetName=GND Pin=C16-2
Added Pin To Net: NetName=GND Pin=C17-1
Added Pin To Net: NetName=GND Pin=C18-1
Added Pin To Net: NetName=GND Pin=C19-1
Added Pin To Net: NetName=GND Pin=C22-2
Added Pin To Net: NetName=GND Pin=J1-10
Added Pin To Net: NetName=GND Pin=J3-2
Added Pin To Net: NetName=GND Pin=J4-2
Added Pin To Net: NetName=GND Pin=JP2-3
Added Pin To Net: NetName=GND Pin=R1-1
Added Pin To Net: NetName=GND Pin=SMA1-2
Added Pin To Net: NetName=GND Pin=SMA1-2
Added Pin To Net: NetName=GND Pin=SMA3-2
Added Pin To Net: NetName=GND Pin=SMA3-2
Added Pin To Net: NetName=GND Pin=SMA4-2
Added Pin To Net: NetName=GND Pin=SMA4-2
Added Pin To Net: NetName=GND Pin=SMA5-2
Added Pin To Net: NetName=GND Pin=SMA5-2
Added Pin To Net: NetName=GND Pin=U1-10
Added Pin To Net: NetName=GND Pin=U1-17
Added Pin To Net: NetName=GND Pin=U1-21
Added Pin To Net: NetName=GND Pin=U1-23
Added Pin To Net: NetName=GND Pin=U1-29
Added Pin To Net: NetName=GND Pin=Y1-4
Added Net: Name=GND
Added Pin To Net: NetName=MUTE' Pin=JP2-2
Added Pin To Net: NetName=MUTE' Pin=U1-9
Added Net: Name=MUTE'
Added Pin To Net: NetName=NetC4_1 Pin=C4-1
Added Pin To Net: NetName=NetC4_1 Pin=C5-1
Added Pin To Net: NetName=NetC4_1 Pin=R0-1
Added Net: Name=NetC4_1
Added Pin To Net: NetName=NetC6_2 Pin=C6-2
Added Pin To Net: NetName=NetC6_2 Pin=U1-27
Added Net: Name=NetC6_2
Added Pin To Net: NetName=NetC8_2 Pin=C8-2
Added Pin To Net: NetName=NetC8_2 Pin=C12-1
Added Pin To Net: NetName=NetC8_2 Pin=R4-1
Added Pin To Net: NetName=NetC8_2 Pin=U1-24
Added Net: Name=NetC8_2
Added Pin To Net: NetName=NetC11_2 Pin=C11-2
Added Pin To Net: NetName=NetC11_2 Pin=U1-28
Added Net: Name=NetC11_2
Added Pin To Net: NetName=NetC14_1 Pin=C14-1
Added Pin To Net: NetName=NetC14_1 Pin=SMA3-1
Added Net: Name=NetC14_1
Added Pin To Net: NetName=NetC16_1 Pin=C16-1
Added Pin To Net: NetName=NetC16_1 Pin=U1-16
Added Pin To Net: NetName=NetC16_1 Pin=U1-18
Added Pin To Net: NetName=NetC16_1 Pin=U1-19
Added Pin To Net: NetName=NetC16_1 Pin=U1-20
Added Net: Name=NetC16_1
Added Pin To Net: NetName=NetC18_2 Pin=C18-2
Added Pin To Net: NetName=NetC18_2 Pin=U1-14
Added Net: Name=NetC18_2
Added Pin To Net: NetName=NetC20_1 Pin=C20-1
Added Pin To Net: NetName=NetC20_1 Pin=SMA4-1
Added Net: Name=NetC20_1
Added Pin To Net: NetName=NetC20_2 Pin=C20-2
Added Pin To Net: NetName=NetC20_2 Pin=L1-2
Added Pin To Net: NetName=NetC20_2 Pin=U1-11
Added Net: Name=NetC20_2
Added Pin To Net: NetName=NetC21_1 Pin=C21-1
Added Pin To Net: NetName=NetC21_1 Pin=SMA5-1
Added Net: Name=NetC21_1
Added Pin To Net: NetName=NetC21_2 Pin=C21-2
Added Pin To Net: NetName=NetC21_2 Pin=L2-1
Added Pin To Net: NetName=NetC21_2 Pin=U1-12
Added Net: Name=NetC21_2
Added Pin To Net: NetName=NetD1_1 Pin=R3-1
Added Net: Name=NetD1_1
Added Pin To Net: NetName=REF+ Pin=C6-1
Added Pin To Net: NetName=REF+ Pin=JP1-2
Added Net: Name=REF+
Added Pin To Net: NetName=REF-EX Pin=JP1-3
Added Pin To Net: NetName=REF-EX Pin=R1-2
Added Pin To Net: NetName=REF-EX Pin=SMA1-1
Added Net: Name=REF-EX
Added Pin To Net: NetName=REF-IN Pin=JP1-1
Added Net: Name=REF-IN
Added Pin To Net: NetName=REFO Pin=C14-2
Added Pin To Net: NetName=REFO Pin=U1-2
Added Net: Name=REFO
Added Pin To Net: NetName=SCLK Pin=J1-3
Added Pin To Net: NetName=SCLK Pin=U1-5
Added Net: Name=SCLK
Added Pin To Net: NetName=SDI Pin=J1-4
Added Pin To Net: NetName=SDI Pin=U1-6
Added Net: Name=SDI
Added Pin To Net: NetName=SDO Pin=J1-5
Added Pin To Net: NetName=SDO Pin=U1-7
Added Net: Name=SDO
Added Pin To Net: NetName=STAT Pin=J1-1
Added Pin To Net: NetName=STAT Pin=R3-2
Added Pin To Net: NetName=STAT Pin=U1-3
Added Net: Name=STAT
Added Class: Name=pll_schematic
Added Room: Name=pll_schematic
