Replace Part C1 C in C:\Users\EFE\Desktop\Tez_Tasarim\frequency_synthesizer\pll_schematic.SchDoc with C from pll_schematic_lib.SchLib
Replace Part C2 CP in C:\Users\EFE\Desktop\Tez_Tasarim\frequency_synthesizer\pll_schematic.SchDoc with CP from pll_schematic_lib.SchLib
Replace Part C3 C in C:\Users\EFE\Desktop\Tez_Tasarim\frequency_synthesizer\pll_schematic.SchDoc with C from pll_schematic_lib.SchLib
Replace Part C4 C in C:\Users\EFE\Desktop\Tez_Tasarim\frequency_synthesizer\pll_schematic.SchDoc with C from pll_schematic_lib.SchLib
Replace Part C5 C in C:\Users\EFE\Desktop\Tez_Tasarim\frequency_synthesizer\pll_schematic.SchDoc with C from pll_schematic_lib.SchLib
Replace Part C6 C in C:\Users\EFE\Desktop\Tez_Tasarim\frequency_synthesizer\pll_schematic.SchDoc with C from pll_schematic_lib.SchLib
Replace Part C7 C in C:\Users\EFE\Desktop\Tez_Tasarim\frequency_synthesizer\pll_schematic.SchDoc with C from pll_schematic_lib.SchLib
Replace Part C8 C in C:\Users\EFE\Desktop\Tez_Tasarim\frequency_synthesizer\pll_schematic.SchDoc with C from pll_schematic_lib.SchLib
Replace Part C9 C in C:\Users\EFE\Desktop\Tez_Tasarim\frequency_synthesizer\pll_schematic.SchDoc with C from pll_schematic_lib.SchLib
Replace Part C10 CP in C:\Users\EFE\Desktop\Tez_Tasarim\frequency_synthesizer\pll_schematic.SchDoc with CP from pll_schematic_lib.SchLib
Replace Part C11 C in C:\Users\EFE\Desktop\Tez_Tasarim\frequency_synthesizer\pll_schematic.SchDoc with C from pll_schematic_lib.SchLib
Replace Part C12 C in C:\Users\EFE\Desktop\Tez_Tasarim\frequency_synthesizer\pll_schematic.SchDoc with C from pll_schematic_lib.SchLib
Replace Part C13 C in C:\Users\EFE\Desktop\Tez_Tasarim\frequency_synthesizer\pll_schematic.SchDoc with C from pll_schematic_lib.SchLib
Replace Part C14 C in C:\Users\EFE\Desktop\Tez_Tasarim\frequency_synthesizer\pll_schematic.SchDoc with C from pll_schematic_lib.SchLib
Replace Part C15 C in C:\Users\EFE\Desktop\Tez_Tasarim\frequency_synthesizer\pll_schematic.SchDoc with C from pll_schematic_lib.SchLib
Replace Part C16 C in C:\Users\EFE\Desktop\Tez_Tasarim\frequency_synthesizer\pll_schematic.SchDoc with C from pll_schematic_lib.SchLib
Replace Part C17 C in C:\Users\EFE\Desktop\Tez_Tasarim\frequency_synthesizer\pll_schematic.SchDoc with C from pll_schematic_lib.SchLib
Replace Part C18 C in C:\Users\EFE\Desktop\Tez_Tasarim\frequency_synthesizer\pll_schematic.SchDoc with C from pll_schematic_lib.SchLib
Replace Part C19 C in C:\Users\EFE\Desktop\Tez_Tasarim\frequency_synthesizer\pll_schematic.SchDoc with C from pll_schematic_lib.SchLib
Replace Part C20 C in C:\Users\EFE\Desktop\Tez_Tasarim\frequency_synthesizer\pll_schematic.SchDoc with C from pll_schematic_lib.SchLib
Replace Part C21 C in C:\Users\EFE\Desktop\Tez_Tasarim\frequency_synthesizer\pll_schematic.SchDoc with C from pll_schematic_lib.SchLib
Replace Part C22 C in C:\Users\EFE\Desktop\Tez_Tasarim\frequency_synthesizer\pll_schematic.SchDoc with C from pll_schematic_lib.SchLib
Replace Part D1 LED in C:\Users\EFE\Desktop\Tez_Tasarim\frequency_synthesizer\pll_schematic.SchDoc with LED from pll_schematic_lib.SchLib
Replace Part J1 Conn_Gene_1x10 in C:\Users\EFE\Desktop\Tez_Tasarim\frequency_synthesizer\pll_schematic.SchDoc with Conn_Gene_1x10 from pll_schematic_lib.SchLib
Replace Part J3 Conn_Gene_1x02 in C:\Users\EFE\Desktop\Tez_Tasarim\frequency_synthesizer\pll_schematic.SchDoc with Conn_Gene_1x02 from pll_schematic_lib.SchLib
Replace Part J4 Conn_Gene_1x02 in C:\Users\EFE\Desktop\Tez_Tasarim\frequency_synthesizer\pll_schematic.SchDoc with Conn_Gene_1x02 from pll_schematic_lib.SchLib
Replace Part JP1 Pin Header 1x03 in C:\Users\EFE\Desktop\Tez_Tasarim\frequency_synthesizer\pll_schematic.SchDoc with Pin Header 1x03 from pll_schematic_lib.SchLib
Replace Part JP2 Pin Header 1x03 in C:\Users\EFE\Desktop\Tez_Tasarim\frequency_synthesizer\pll_schematic.SchDoc with Pin Header 1x03 from pll_schematic_lib.SchLib
Replace Part L1 L in C:\Users\EFE\Desktop\Tez_Tasarim\frequency_synthesizer\pll_schematic.SchDoc with L from pll_schematic_lib.SchLib
Replace Part L2 L in C:\Users\EFE\Desktop\Tez_Tasarim\frequency_synthesizer\pll_schematic.SchDoc with L from pll_schematic_lib.SchLib
Replace Part R0 R in C:\Users\EFE\Desktop\Tez_Tasarim\frequency_synthesizer\pll_schematic.SchDoc with R from pll_schematic_lib.SchLib
Replace Part R1 R in C:\Users\EFE\Desktop\Tez_Tasarim\frequency_synthesizer\pll_schematic.SchDoc with R from pll_schematic_lib.SchLib
Replace Part R3 R in C:\Users\EFE\Desktop\Tez_Tasarim\frequency_synthesizer\pll_schematic.SchDoc with R from pll_schematic_lib.SchLib
Replace Part R4 R in C:\Users\EFE\Desktop\Tez_Tasarim\frequency_synthesizer\pll_schematic.SchDoc with R from pll_schematic_lib.SchLib
Replace Part SMA1 SMA in C:\Users\EFE\Desktop\Tez_Tasarim\frequency_synthesizer\pll_schematic.SchDoc with SMA from pll_schematic_lib.SchLib
Replace Part SMA3 SMA in C:\Users\EFE\Desktop\Tez_Tasarim\frequency_synthesizer\pll_schematic.SchDoc with SMA from pll_schematic_lib.SchLib
Replace Part SMA4 SMA in C:\Users\EFE\Desktop\Tez_Tasarim\frequency_synthesizer\pll_schematic.SchDoc with SMA from pll_schematic_lib.SchLib
Replace Part SMA5 SMA in C:\Users\EFE\Desktop\Tez_Tasarim\frequency_synthesizer\pll_schematic.SchDoc with SMA from pll_schematic_lib.SchLib
Replace Part U1 LTC6946IUFD-1#PBF-ND in C:\Users\EFE\Desktop\Tez_Tasarim\frequency_synthesizer\pll_schematic.SchDoc with LTC6946IUFD-1#PBF-ND from pll_schematic_lib.SchLib
Replace Part Y1 OSC in C:\Users\EFE\Desktop\Tez_Tasarim\frequency_synthesizer\pll_schematic.SchDoc with OSC from pll_schematic_lib.SchLib
