Added Component: Designator=U1(QFN50P400X500X80_HS-29N)
Add component (AddParameter): Name = "ComponentLink1Description"; Value = "LTC6946"; VariantName = "[No Variations]"
Add component (AddParameter): Name = "ComponentLink1URL"; Value = "https://www.digikey.com/en/products/detail/analog-devices-inc/LTC6946IUFD-1-PBF/2756832"; VariantName = "[No Variations]"
Added Pin To Net: NetName=3.3V Pin=U1-1
Added Pin To Net: NetName=REFO Pin=U1-2
Added Pin To Net: NetName=STAT Pin=U1-3
Added Pin To Net: NetName=CS' Pin=U1-4
Added Pin To Net: NetName=SCLK Pin=U1-5
Added Pin To Net: NetName=SDI Pin=U1-6
Added Pin To Net: NetName=SDO Pin=U1-7
Added Pin To Net: NetName=3.3V Pin=U1-8
Added Pin To Net: NetName=MUTE' Pin=U1-9
Added Pin To Net: NetName=GND Pin=U1-10
Added Pin To Net: NetName=NetC20_2 Pin=U1-11
Added Pin To Net: NetName=NetC21_2 Pin=U1-12
Added Pin To Net: NetName=3.3V Pin=U1-13
Added Pin To Net: NetName=NetC18_2 Pin=U1-14
Added Pin To Net: NetName=CP Pin=U1-15
Added Pin To Net: NetName=NetC16_1 Pin=U1-16
Added Pin To Net: NetName=GND Pin=U1-17
Added Pin To Net: NetName=NetC16_1 Pin=U1-18
Added Pin To Net: NetName=NetC16_1 Pin=U1-19
Added Pin To Net: NetName=NetC16_1 Pin=U1-20
Added Pin To Net: NetName=GND Pin=U1-21
Added Pin To Net: NetName=5V Pin=U1-22
Added Pin To Net: NetName=GND Pin=U1-23
Added Pin To Net: NetName=NetC8_2 Pin=U1-24
Added Pin To Net: NetName=CP Pin=U1-25
Added Pin To Net: NetName=3.3V Pin=U1-26
Added Pin To Net: NetName=NetC6_2 Pin=U1-27
Added Pin To Net: NetName=NetC11_2 Pin=U1-28
Added Member To Class: ClassName=pll_schematic Member=Component U1 LTC6946
