Change Component Footprint: Designator=C16 Old Footprint=C0603 New Footprint=C0805
Change Component Footprint: Designator=C1 Old Footprint=C0805 New Footprint=C0603
Change Component Footprint: Designator=C6 Old Footprint=C0805 New Footprint=C0603
Change Component Footprint: Designator=C8 Old Footprint=C0805 New Footprint=C0603
Change Component Footprint: Designator=C9 Old Footprint=C0805 New Footprint=C0603
Change Component Footprint: Designator=C11 Old Footprint=C0805 New Footprint=C0603
Change Component Footprint: Designator=C14 Old Footprint=C0805 New Footprint=C0603
Change Component Footprint: Designator=C18 Old Footprint=C0805 New Footprint=C0603
Change Component Footprint: Designator=L1 Old Footprint=L0603 New Footprint=L0402
Change Component Footprint: Designator=L2 Old Footprint=L0603 New Footprint=L0402
Change Component Comment : Designator=C7 Old Comment=0.01uF New Comment=10nF
Change Component Comment : Designator=C12 Old Comment=0.01uF New Comment=10nF
Change Component Comment : Designator=C15 Old Comment=0.01uF New Comment=10nF
Change Component Comment : Designator=C19 Old Comment=0.01uF New Comment=10nF
Change Component Comment : Designator=C13 Old Comment=0.1uF New Comment=100nF
Change Component Comment : Designator=C17 Old Comment=0.1uF New Comment=100nF
Change Component Comment : Designator=C22 Old Comment=0.1uF New Comment=100nF
Change Component Comment : Designator=C4 Old Comment=0.022uF New Comment=22nF
Change Component Comment : Designator=C14 Old Comment=0.022uF New Comment=22nF
Change Component Comment : Designator=R4 Old Comment=15 New Comment=15R
Change Component Comment : Designator=R1 Old Comment=51.1 New Comment=51.1R
Change Component Comment : Designator=R3 Old Comment=330 New Comment=330R
Change Component Comment : Designator=R0 Old Comment=453 New Comment=453R
Added Pin To Net: NetName=GND Pin=D1-C
Added Pin To Net: NetName=REF-IN Pin=Y1-5
Added Pin To Net: NetName=3.3V Pin=Y1-8
Added Pin To Net: NetName=NetD1_A Pin=D1-A
Added Pin To Net: NetName=NetD1_A Pin=R3-1
Added Net: Name=NetD1_A
